  317231117_ProyectoFinal_Gpo06.cpp
C:\Users\miria\CGIHC\ProyectoFinal\ProyectoFinal\317231117_ProyectoFinal_Gpo06.cpp(218,18): warning C4305: 'inicializando': truncamiento de 'double' a 'float'
C:\Users\miria\CGIHC\ProyectoFinal\ProyectoFinal\317231117_ProyectoFinal_Gpo06.cpp(392,24): warning C4244: 'inicializando': conversión de 'double' a 'GLfloat'; posible pérdida de datos
C:\Users\miria\CGIHC\ProyectoFinal\ProyectoFinal\317231117_ProyectoFinal_Gpo06.cpp(428,21): warning C4244: '=': conversión de 'double' a 'T'; posible pérdida de datos
          with
          [
              T=float
          ]
C:\Users\miria\CGIHC\ProyectoFinal\ProyectoFinal\317231117_ProyectoFinal_Gpo06.cpp(429,21): warning C4244: '=': conversión de 'double' a 'T'; posible pérdida de datos
          with
          [
              T=float
          ]
C:\Users\miria\CGIHC\ProyectoFinal\ProyectoFinal\317231117_ProyectoFinal_Gpo06.cpp(430,21): warning C4244: '=': conversión de 'double' a 'T'; posible pérdida de datos
          with
          [
              T=float
          ]
C:\Users\miria\CGIHC\ProyectoFinal\ProyectoFinal\317231117_ProyectoFinal_Gpo06.cpp(514,26): warning C4244: '=': conversión de 'double' a 'float'; posible pérdida de datos
C:\Users\miria\CGIHC\ProyectoFinal\ProyectoFinal\317231117_ProyectoFinal_Gpo06.cpp(953,17): warning C4244: '+=': conversión de 'double' a 'float'; posible pérdida de datos
C:\Users\miria\CGIHC\ProyectoFinal\ProyectoFinal\317231117_ProyectoFinal_Gpo06.cpp(974,17): warning C4244: '-=': conversión de 'double' a 'float'; posible pérdida de datos
C:\Users\miria\CGIHC\ProyectoFinal\ProyectoFinal\317231117_ProyectoFinal_Gpo06.cpp(1029,11): warning C4244: '=': conversión de 'double' a 'GLfloat'; posible pérdida de datos
C:\Users\miria\CGIHC\ProyectoFinal\ProyectoFinal\317231117_ProyectoFinal_Gpo06.cpp(1030,11): warning C4244: '=': conversión de 'double' a 'GLfloat'; posible pérdida de datos
C:\Users\miria\CGIHC\ProyectoFinal\ProyectoFinal\317231117_ProyectoFinal_Gpo06.cpp(1034,18): warning C4244: 'inicializando': conversión de 'double' a 'GLfloat'; posible pérdida de datos
C:\Users\miria\CGIHC\ProyectoFinal\ProyectoFinal\317231117_ProyectoFinal_Gpo06.cpp(1035,18): warning C4244: 'inicializando': conversión de 'double' a 'GLfloat'; posible pérdida de datos
C:\Users\miria\CGIHC\ProyectoFinal\ProyectoFinal\317231117_ProyectoFinal_Gpo06.cpp(1037,10): warning C4244: '=': conversión de 'double' a 'GLfloat'; posible pérdida de datos
C:\Users\miria\CGIHC\ProyectoFinal\ProyectoFinal\317231117_ProyectoFinal_Gpo06.cpp(1038,10): warning C4244: '=': conversión de 'double' a 'GLfloat'; posible pérdida de datos
LINK : warning LNK4098: la biblioteca predeterminada'MSVCRT' entra en conflicto con otras bibliotecas; use la biblioteca /NODEFAULTLIB:biblioteca
soil2-debug.lib(etc1_utils.obj) : warning LNK4099: no se encontró PDB '' con 'soil2-debug.lib(etc1_utils.obj)' o en ''; se vinculará el objeto sin tener en cuenta información de depuración
soil2-debug.lib(image_DXT.obj) : warning LNK4099: no se encontró PDB '' con 'soil2-debug.lib(image_DXT.obj)' o en ''; se vinculará el objeto sin tener en cuenta información de depuración
soil2-debug.lib(image_helper.obj) : warning LNK4099: no se encontró PDB '' con 'soil2-debug.lib(image_helper.obj)' o en ''; se vinculará el objeto sin tener en cuenta información de depuración
soil2-debug.lib(SOIL2.obj) : warning LNK4099: no se encontró PDB '' con 'soil2-debug.lib(SOIL2.obj)' o en ''; se vinculará el objeto sin tener en cuenta información de depuración
  ProyectoFinal.vcxproj -> C:\Users\miria\CGIHC\ProyectoFinal\Debug\ProyectoFinal.exe
