  317231117_Reporte06_Gpo06.cpp
C:\Users\miria\CGIHC\R6\R6\317231117_Reporte06_Gpo06.cpp(190,24): warning C4244: 'inicializando': conversión de 'double' a 'GLfloat'; posible pérdida de datos
C:\Users\miria\CGIHC\R6\R6\317231117_Reporte06_Gpo06.cpp(225,21): warning C4244: '=': conversión de 'double' a 'T'; posible pérdida de datos
          with
          [
              T=float
          ]
C:\Users\miria\CGIHC\R6\R6\317231117_Reporte06_Gpo06.cpp(226,21): warning C4244: '=': conversión de 'double' a 'T'; posible pérdida de datos
          with
          [
              T=float
          ]
C:\Users\miria\CGIHC\R6\R6\317231117_Reporte06_Gpo06.cpp(227,21): warning C4244: '=': conversión de 'double' a 'T'; posible pérdida de datos
          with
          [
              T=float
          ]
C:\Users\miria\CGIHC\R6\R6\317231117_Reporte06_Gpo06.cpp(444,11): warning C4244: '=': conversión de 'double' a 'GLfloat'; posible pérdida de datos
C:\Users\miria\CGIHC\R6\R6\317231117_Reporte06_Gpo06.cpp(445,11): warning C4244: '=': conversión de 'double' a 'GLfloat'; posible pérdida de datos
C:\Users\miria\CGIHC\R6\R6\317231117_Reporte06_Gpo06.cpp(449,18): warning C4244: 'inicializando': conversión de 'double' a 'GLfloat'; posible pérdida de datos
C:\Users\miria\CGIHC\R6\R6\317231117_Reporte06_Gpo06.cpp(450,18): warning C4244: 'inicializando': conversión de 'double' a 'GLfloat'; posible pérdida de datos
C:\Users\miria\CGIHC\R6\R6\317231117_Reporte06_Gpo06.cpp(452,10): warning C4244: '=': conversión de 'double' a 'GLfloat'; posible pérdida de datos
C:\Users\miria\CGIHC\R6\R6\317231117_Reporte06_Gpo06.cpp(453,10): warning C4244: '=': conversión de 'double' a 'GLfloat'; posible pérdida de datos
LINK : warning LNK4098: la biblioteca predeterminada'MSVCRT' entra en conflicto con otras bibliotecas; use la biblioteca /NODEFAULTLIB:biblioteca
soil2-debug.lib(etc1_utils.obj) : warning LNK4099: no se encontró PDB '' con 'soil2-debug.lib(etc1_utils.obj)' o en ''; se vinculará el objeto sin tener en cuenta información de depuración
soil2-debug.lib(image_DXT.obj) : warning LNK4099: no se encontró PDB 'soil2-debug.pdb' con 'soil2-debug.lib(image_DXT.obj)' o en 'C:\Users\miria\CGIHC\R6\Debug\soil2-debug.pdb'; se vinculará el objeto sin tener en cuenta información de depuración
soil2-debug.lib(image_helper.obj) : warning LNK4099: no se encontró PDB 'soil2-debug.pdb' con 'soil2-debug.lib(image_helper.obj)' o en 'C:\Users\miria\CGIHC\R6\Debug\soil2-debug.pdb'; se vinculará el objeto sin tener en cuenta información de depuración
soil2-debug.lib(SOIL2.obj) : warning LNK4099: no se encontró PDB 'soil2-debug.pdb' con 'soil2-debug.lib(SOIL2.obj)' o en 'C:\Users\miria\CGIHC\R6\Debug\soil2-debug.pdb'; se vinculará el objeto sin tener en cuenta información de depuración
  R6.vcxproj -> C:\Users\miria\CGIHC\R6\Debug\R6.exe
